<?xml version="1.0" encoding="UTF-8"?>
<!-- Generated by org.testng.reporters.JUnitReportReporter -->
<testsuite skipped="0" hostname="Swatis-MacBook-Pro.local" name="JuiceShopTest" tests="1" failures="0" timestamp="05 Jun 2020 11:58:55 GMT" time="1.249" errors="0">
  <testcase name="newUserCreation" time="1.249" classname="JuiceShopTest"/>
</testsuite> <!-- JuiceShopTest -->
